{"numTotalTestSuites":14,"numPassedTestSuites":14,"numFailedTestSuites":0,"numPendingTestSuites":0,"numTotalTests":54,"numPassedTests":54,"numFailedTests":0,"numPendingTests":0,"numTodoTests":0,"snapshot":{"added":0,"failure":false,"filesAdded":0,"filesRemoved":0,"filesRemovedList":[],"filesUnmatched":0,"filesUpdated":0,"matched":0,"total":0,"unchecked":0,"uncheckedKeysByFile":[],"unmatched":0,"updated":0,"didUpdate":false},"startTime":1781292445441,"success":true,"testResults":[{"assertionResults":[{"ancestorTitles":["FR-002 tokenization parity (ported web/tokenizer.mjs === src/lib/tokenizer.ts)"],"fullName":"FR-002 tokenization parity (ported web/tokenizer.mjs === src/lib/tokenizer.ts) matches token boundaries for: \"\"","status":"passed","title":"matches token boundaries for: \"\"","duration":1.534400000000005,"failureMessages":[],"meta":{},"tags":[]},{"ancestorTitles":["FR-002 tokenization parity (ported web/tokenizer.mjs === src/lib/tokenizer.ts)"],"fullName":"FR-002 tokenization parity (ported web/tokenizer.mjs === src/lib/tokenizer.ts) matches token boundaries for: \"hello world\"","status":"passed","title":"matches token boundaries for: \"hello world\"","duration":2.0687999999999533,"failureMessages":[],"meta":{},"tags":[]},{"ancestorTitles":["FR-002 tokenization parity (ported web/tokenizer.mjs === src/lib/tokenizer.ts)"],"fullName":"FR-002 tokenization parity (ported web/tokenizer.mjs === src/lib/tokenizer.ts) matches token boundaries for: \"The quick brown fox jumps over 1\"","status":"passed","title":"matches token boundaries for: \"The quick brown fox jumps over 1\"","duration":0.6256999999999948,"failureMessages":[],"meta":{},"tags":[]},{"ancestorTitles":["FR-002 tokenization parity (ported web/tokenizer.mjs === src/lib/tokenizer.ts)"],"fullName":"FR-002 tokenization parity (ported web/tokenizer.mjs === src/lib/tokenizer.ts) matches token boundaries for: \"const x = a === b ? 1 : 2; // op\"","status":"passed","title":"matches token boundaries for: \"const x = a === b ? 1 : 2; // op\"","duration":0.398900000000026,"failureMessages":[],"meta":{},"tags":[]},{"ancestorTitles":["FR-002 tokenization parity (ported web/tokenizer.mjs === src/lib/tokenizer.ts)"],"fullName":"FR-002 tokenization parity (ported web/tokenizer.mjs === src/lib/tokenizer.ts) matches token boundaries for: \"emoji test 👩‍💻🚀🇬🇧 mixed wit\"","status":"passed","title":"matches token boundaries for: \"emoji test 👩‍💻🚀🇬🇧 mixed wit\"","duration":1.7372999999999479,"failureMessages":[],"meta":{},"tags":[]},{"ancestorTitles":["FR-002 tokenization parity (ported web/tokenizer.mjs === src/lib/tokenizer.ts)"],"fullName":"FR-002 tokenization parity (ported web/tokenizer.mjs === src/lib/tokenizer.ts) matches token boundaries for: \"multi\\nline\\r\\ntext\\rwith newlines\"","status":"passed","title":"matches token boundaries for: \"multi\\nline\\r\\ntext\\rwith newlines\"","duration":0.19800000000003593,"failureMessages":[],"meta":{},"tags":[]},{"ancestorTitles":["FR-002 tokenization parity (ported web/tokenizer.mjs === src/lib/tokenizer.ts)"],"fullName":"FR-002 tokenization parity (ported web/tokenizer.mjs === src/lib/tokenizer.ts) matches token boundaries for: \"numbers 1,000.50 and 2024-06-12 \"","status":"passed","title":"matches token boundaries for: \"numbers 1,000.50 and 2024-06-12 \"","duration":0.183400000000006,"failureMessages":[],"meta":{},"tags":[]},{"ancestorTitles":["FR-002 tokenization parity (ported web/tokenizer.mjs === src/lib/tokenizer.ts)"],"fullName":"FR-002 tokenization parity (ported web/tokenizer.mjs === src/lib/tokenizer.ts) matches token boundaries for: \"    leading and   internal   whi\"","status":"passed","title":"matches token boundaries for: \"    leading and   internal   whi\"","duration":0.15339999999997644,"failureMessages":[],"meta":{},"tags":[]},{"ancestorTitles":["FR-002 tokenization parity (ported web/tokenizer.mjs === src/lib/tokenizer.ts)"],"fullName":"FR-002 tokenization parity (ported web/tokenizer.mjs === src/lib/tokenizer.ts) matches token boundaries for: \"Unicode: naïve café façade — em-\"","status":"passed","title":"matches token boundaries for: \"Unicode: naïve café façade — em-\"","duration":0.47509999999999764,"failureMessages":[],"meta":{},"tags":[]},{"ancestorTitles":["FR-002 tokenization parity (ported web/tokenizer.mjs === src/lib/tokenizer.ts)"],"fullName":"FR-002 tokenization parity (ported web/tokenizer.mjs === src/lib/tokenizer.ts) matches token boundaries for: \"symbols $ € £ ¥ © ® ™ ± ÷ × and \"","status":"passed","title":"matches token boundaries for: \"symbols $ € £ ¥ © ® ™ ± ÷ × and \"","duration":0.6212999999999624,"failureMessages":[],"meta":{},"tags":[]},{"ancestorTitles":["FR-002 tokenization parity (ported web/tokenizer.mjs === src/lib/tokenizer.ts)"],"fullName":"FR-002 tokenization parity (ported web/tokenizer.mjs === src/lib/tokenizer.ts) returns an empty array for empty input","status":"passed","title":"returns an empty array for empty input","duration":0.1383999999999901,"failureMessages":[],"meta":{},"tags":[]},{"ancestorTitles":["FR-002 tokenization parity (ported web/tokenizer.mjs === src/lib/tokenizer.ts)"],"fullName":"FR-002 tokenization parity (ported web/tokenizer.mjs === src/lib/tokenizer.ts) covers the whole input with contiguous, non-overlapping token spans","status":"passed","title":"covers the whole input with contiguous, non-overlapping token spans","duration":0.7601000000000226,"failureMessages":[],"meta":{},"tags":[]},{"ancestorTitles":["FR-002 tokenization parity (ported web/tokenizer.mjs === src/lib/tokenizer.ts)"],"fullName":"FR-002 tokenization parity (ported web/tokenizer.mjs === src/lib/tokenizer.ts) assigns the documented categories (word/number/operator/emoji/punctuation)","status":"passed","title":"assigns the documented categories (word/number/operator/emoji/punctuation)","duration":0.9209000000000174,"failureMessages":[],"meta":{},"tags":[]}],"startTime":1781292445934,"endTime":1781292445943.921,"status":"passed","message":"","name":"C:/src/copilot-worktrees/tokenizer/msft-tkendrick-sdlc-squad-agent/tests/sdlc/tokenizer-canvas/FR-002.test.ts"},{"assertionResults":[{"ancestorTitles":["FR-003 summary metrics"],"fullName":"FR-003 summary metrics exposes the five required metrics","status":"passed","title":"exposes the five required metrics","duration":3.388300000000015,"failureMessages":[],"meta":{},"tags":[]},{"ancestorTitles":["FR-003 summary metrics"],"fullName":"FR-003 summary metrics matches src summary for: \"\"","status":"passed","title":"matches src summary for: \"\"","duration":0.5767000000000166,"failureMessages":[],"meta":{},"tags":[]},{"ancestorTitles":["FR-003 summary metrics"],"fullName":"FR-003 summary metrics matches src summary for: \"hello world\"","status":"passed","title":"matches src summary for: \"hello world\"","duration":0.27480000000002747,"failureMessages":[],"meta":{},"tags":[]},{"ancestorTitles":["FR-003 summary metrics"],"fullName":"FR-003 summary metrics matches src summary for: \"The quick brown fox jump\"","status":"passed","title":"matches src summary for: \"The quick brown fox jump\"","duration":0.40809999999999036,"failureMessages":[],"meta":{},"tags":[]},{"ancestorTitles":["FR-003 summary metrics"],"fullName":"FR-003 summary metrics matches src summary for: \"const x = a === b ? 1 : \"","status":"passed","title":"matches src summary for: \"const x = a === b ? 1 : \"","duration":0.21520000000003847,"failureMessages":[],"meta":{},"tags":[]},{"ancestorTitles":["FR-003 summary metrics"],"fullName":"FR-003 summary metrics matches src summary for: \"emoji test 👩‍💻🚀🇬🇧 m\"","status":"passed","title":"matches src summary for: \"emoji test 👩‍💻🚀🇬🇧 m\"","duration":1.8097999999999956,"failureMessages":[],"meta":{},"tags":[]},{"ancestorTitles":["FR-003 summary metrics"],"fullName":"FR-003 summary metrics matches src summary for: \"multi\\nline\\r\\ntext\\rwith ne\"","status":"passed","title":"matches src summary for: \"multi\\nline\\r\\ntext\\rwith ne\"","duration":0.1383999999999901,"failureMessages":[],"meta":{},"tags":[]},{"ancestorTitles":["FR-003 summary metrics"],"fullName":"FR-003 summary metrics matches src summary for: \"numbers 1,000.50 and 202\"","status":"passed","title":"matches src summary for: \"numbers 1,000.50 and 202\"","duration":0.15780000000000882,"failureMessages":[],"meta":{},"tags":[]},{"ancestorTitles":["FR-003 summary metrics"],"fullName":"FR-003 summary metrics matches src summary for: \"    leading and   intern\"","status":"passed","title":"matches src summary for: \"    leading and   intern\"","duration":0.14170000000001437,"failureMessages":[],"meta":{},"tags":[]},{"ancestorTitles":["FR-003 summary metrics"],"fullName":"FR-003 summary metrics matches src summary for: \"Unicode: naïve café faça\"","status":"passed","title":"matches src summary for: \"Unicode: naïve café faça\"","duration":0.3964000000000283,"failureMessages":[],"meta":{},"tags":[]},{"ancestorTitles":["FR-003 summary metrics"],"fullName":"FR-003 summary metrics matches src summary for: \"symbols $ € £ ¥ © ® ™ ± \"","status":"passed","title":"matches src summary for: \"symbols $ € £ ¥ © ® ™ ± \"","duration":0.46280000000001564,"failureMessages":[],"meta":{},"tags":[]},{"ancestorTitles":["FR-003 summary metrics"],"fullName":"FR-003 summary metrics computes characters by code point and bytes by UTF-8 length","status":"passed","title":"computes characters by code point and bytes by UTF-8 length","duration":0.20750000000003865,"failureMessages":[],"meta":{},"tags":[]},{"ancestorTitles":["FR-003 summary metrics"],"fullName":"FR-003 summary metrics counts lines and words for known fixtures","status":"passed","title":"counts lines and words for known fixtures","duration":0.09089999999997644,"failureMessages":[],"meta":{},"tags":[]}],"startTime":1781292445934,"endTime":1781292445942.463,"status":"passed","message":"","name":"C:/src/copilot-worktrees/tokenizer/msft-tkendrick-sdlc-squad-agent/tests/sdlc/tokenizer-canvas/FR-003.test.ts"},{"assertionResults":[{"ancestorTitles":["FR-005 input cost estimation"],"fullName":"FR-005 input cost estimation documents 1 AI credit = $0.01","status":"passed","title":"documents 1 AI credit = $0.01","duration":1.296799999999962,"failureMessages":[],"meta":{},"tags":[]},{"ancestorTitles":["FR-005 input cost estimation"],"fullName":"FR-005 input cost estimation ports the full model catalog 1:1 from src (Auto + 22 = 23 options)","status":"passed","title":"ports the full model catalog 1:1 from src (Auto + 22 = 23 options)","duration":0.6259000000000015,"failureMessages":[],"meta":{},"tags":[]},{"ancestorTitles":["FR-005 input cost estimation"],"fullName":"FR-005 input cost estimation computes USD AND credits for EVERY model in COPILOT_MODEL_OPTIONS","status":"passed","title":"computes USD AND credits for EVERY model in COPILOT_MODEL_OPTIONS","duration":1.4728000000000065,"failureMessages":[],"meta":{},"tags":[]},{"ancestorTitles":["FR-005 input cost estimation"],"fullName":"FR-005 input cost estimation matches the src USD estimate for every model","status":"passed","title":"matches the src USD estimate for every model","duration":0.45079999999995835,"failureMessages":[],"meta":{},"tags":[]},{"ancestorTitles":["FR-005 input cost estimation"],"fullName":"FR-005 input cost estimation scales linearly and is zero at zero tokens","status":"passed","title":"scales linearly and is zero at zero tokens","duration":0.11639999999999873,"failureMessages":[],"meta":{},"tags":[]}],"startTime":1781292445923,"endTime":1781292445927.4507,"status":"passed","message":"","name":"C:/src/copilot-worktrees/tokenizer/msft-tkendrick-sdlc-squad-agent/tests/sdlc/tokenizer-canvas/FR-005.test.ts"},{"assertionResults":[{"ancestorTitles":["FR-006 comparison table data"],"fullName":"FR-006 comparison table data produces exactly one row per model option (23 rows)","status":"passed","title":"produces exactly one row per model option (23 rows)","duration":1.5871999999999957,"failureMessages":[],"meta":{},"tags":[]},{"ancestorTitles":["FR-006 comparison table data"],"fullName":"FR-006 comparison table data each row carries name, provider, USD cost, credit cost and context usage","status":"passed","title":"each row carries name, provider, USD cost, credit cost and context usage","duration":3.0416999999999916,"failureMessages":[],"meta":{},"tags":[]},{"ancestorTitles":["FR-006 comparison table data"],"fullName":"FR-006 comparison table data is sortable by input cost (ascending) with a stable numeric ordering","status":"passed","title":"is sortable by input cost (ascending) with a stable numeric ordering","duration":0.5459000000000174,"failureMessages":[],"meta":{},"tags":[]},{"ancestorTitles":["FR-006 comparison table data"],"fullName":"FR-006 comparison table data is sortable by context usage (ascending)","status":"passed","title":"is sortable by context usage (ascending)","duration":0.3775999999999726,"failureMessages":[],"meta":{},"tags":[]},{"ancestorTitles":["FR-006 comparison table data"],"fullName":"FR-006 comparison table data caps context usage at 100% when tokens exceed the context window","status":"passed","title":"caps context usage at 100% when tokens exceed the context window","duration":0.10840000000001737,"failureMessages":[],"meta":{},"tags":[]}],"startTime":1781292446009,"endTime":1781292446015.1084,"status":"passed","message":"","name":"C:/src/copilot-worktrees/tokenizer/msft-tkendrick-sdlc-squad-agent/tests/sdlc/tokenizer-canvas/FR-006.test.ts"},{"assertionResults":[{"ancestorTitles":["FR-008 canvas action contract values"],"fullName":"FR-008 canvas action contract values get_summary shape for the open() sample matches the runtime-reported metrics","status":"passed","title":"get_summary shape for the open() sample matches the runtime-reported metrics","duration":5.851800000000026,"failureMessages":[],"meta":{},"tags":[]},{"ancestorTitles":["FR-008 canvas action contract values"],"fullName":"FR-008 canvas action contract values get_summary after set_text matches the runtime-reported metrics","status":"passed","title":"get_summary after set_text matches the runtime-reported metrics","duration":1.2223999999999933,"failureMessages":[],"meta":{},"tags":[]},{"ancestorTitles":["FR-008 canvas action contract values"],"fullName":"FR-008 canvas action contract values returns the five metric fields get_summary advertises","status":"passed","title":"returns the five metric fields get_summary advertises","duration":0.2883000000000493,"failureMessages":[],"meta":{},"tags":[]},{"ancestorTitles":["FR-008 canvas action contract values"],"fullName":"FR-008 canvas action contract values model catalog + cost facts the canvas reports are stable","status":"passed","title":"model catalog + cost facts the canvas reports are stable","duration":0.3301000000000158,"failureMessages":[],"meta":{},"tags":[]}],"startTime":1781292445871,"endTime":1781292445878.33,"status":"passed","message":"","name":"C:/src/copilot-worktrees/tokenizer/msft-tkendrick-sdlc-squad-agent/tests/sdlc/tokenizer-canvas/FR-008.test.ts"},{"assertionResults":[{"ancestorTitles":["FR-010 derived-view consistency"],"fullName":"FR-010 derived-view consistency keeps token count consistent across all views for: \"\"","status":"passed","title":"keeps token count consistent across all views for: \"\"","duration":2.2613000000000056,"failureMessages":[],"meta":{},"tags":[]},{"ancestorTitles":["FR-010 derived-view consistency"],"fullName":"FR-010 derived-view consistency keeps token count consistent across all views for: \"hello world\"","status":"passed","title":"keeps token count consistent across all views for: \"hello world\"","duration":2.254099999999994,"failureMessages":[],"meta":{},"tags":[]},{"ancestorTitles":["FR-010 derived-view consistency"],"fullName":"FR-010 derived-view consistency keeps token count consistent across all views for: \"The quick brown fox \"","status":"passed","title":"keeps token count consistent across all views for: \"The quick brown fox \"","duration":0.6291999999999689,"failureMessages":[],"meta":{},"tags":[]},{"ancestorTitles":["FR-010 derived-view consistency"],"fullName":"FR-010 derived-view consistency keeps token count consistent across all views for: \"const x = a === b ? \"","status":"passed","title":"keeps token count consistent across all views for: \"const x = a === b ? \"","duration":0.5358999999999696,"failureMessages":[],"meta":{},"tags":[]},{"ancestorTitles":["FR-010 derived-view consistency"],"fullName":"FR-010 derived-view consistency keeps token count consistent across all views for: \"emoji test 👩‍💻🚀🇬\"","status":"passed","title":"keeps token count consistent across all views for: \"emoji test 👩‍💻🚀🇬\"","duration":1.948500000000024,"failureMessages":[],"meta":{},"tags":[]},{"ancestorTitles":["FR-010 derived-view consistency"],"fullName":"FR-010 derived-view consistency keeps token count consistent across all views for: \"multi\\nline\\r\\ntext\\rwit\"","status":"passed","title":"keeps token count consistent across all views for: \"multi\\nline\\r\\ntext\\rwit\"","duration":0.3838999999999828,"failureMessages":[],"meta":{},"tags":[]},{"ancestorTitles":["FR-010 derived-view consistency"],"fullName":"FR-010 derived-view consistency keeps token count consistent across all views for: \"numbers 1,000.50 and\"","status":"passed","title":"keeps token count consistent across all views for: \"numbers 1,000.50 and\"","duration":0.44439999999997326,"failureMessages":[],"meta":{},"tags":[]},{"ancestorTitles":["FR-010 derived-view consistency"],"fullName":"FR-010 derived-view consistency keeps token count consistent across all views for: \"    leading and   in\"","status":"passed","title":"keeps token count consistent across all views for: \"    leading and   in\"","duration":0.3845999999999776,"failureMessages":[],"meta":{},"tags":[]},{"ancestorTitles":["FR-010 derived-view consistency"],"fullName":"FR-010 derived-view consistency keeps token count consistent across all views for: \"Unicode: naïve café \"","status":"passed","title":"keeps token count consistent across all views for: \"Unicode: naïve café \"","duration":0.6632000000000176,"failureMessages":[],"meta":{},"tags":[]},{"ancestorTitles":["FR-010 derived-view consistency"],"fullName":"FR-010 derived-view consistency keeps token count consistent across all views for: \"symbols $ € £ ¥ © ® \"","status":"passed","title":"keeps token count consistent across all views for: \"symbols $ € £ ¥ © ® \"","duration":0.7658000000000129,"failureMessages":[],"meta":{},"tags":[]},{"ancestorTitles":["FR-010 derived-view consistency"],"fullName":"FR-010 derived-view consistency recomputes deterministically: same input → identical derived state","status":"passed","title":"recomputes deterministically: same input → identical derived state","duration":0.7957999999999856,"failureMessages":[],"meta":{},"tags":[]},{"ancestorTitles":["FR-010 derived-view consistency"],"fullName":"FR-010 derived-view consistency reflects an edit: appending text changes every view","status":"passed","title":"reflects an edit: appending text changes every view","duration":0.20810000000000173,"failureMessages":[],"meta":{},"tags":[]}],"startTime":1781292445871,"endTime":1781292445882.208,"status":"passed","message":"","name":"C:/src/copilot-worktrees/tokenizer/msft-tkendrick-sdlc-squad-agent/tests/sdlc/tokenizer-canvas/FR-010.test.ts"},{"assertionResults":[{"ancestorTitles":["NFR-002 recompute latency budget (<50ms @ 10k tokens)"],"fullName":"NFR-002 recompute latency budget (<50ms @ 10k tokens) produces ~10,000 tokens from the large fixture","status":"passed","title":"produces ~10,000 tokens from the large fixture","duration":13.54480000000001,"failureMessages":[],"meta":{},"tags":[]},{"ancestorTitles":["NFR-002 recompute latency budget (<50ms @ 10k tokens)"],"fullName":"NFR-002 recompute latency budget (<50ms @ 10k tokens) recomputes all derived views in under 50ms (median of 7 runs)","status":"passed","title":"recomputes all derived views in under 50ms (median of 7 runs)","duration":67.54660000000001,"failureMessages":[],"meta":{},"tags":[]}],"startTime":1781292445871,"endTime":1781292445952.5466,"status":"passed","message":"","name":"C:/src/copilot-worktrees/tokenizer/msft-tkendrick-sdlc-squad-agent/tests/sdlc/tokenizer-canvas/NFR-002.test.ts"}]}